Release 14.7 - xst P.20131013 (lin64)
Copyright (c) 1995-2013 Xilinx, Inc.  All rights reserved.
--> 
Parameter TMPDIR set to xst/projnav.tmp


Total REAL time to Xst completion: 0.00 secs
Total CPU time to Xst completion: 0.03 secs
 
--> 
Parameter xsthdpdir set to xst


Total REAL time to Xst completion: 0.00 secs
Total CPU time to Xst completion: 0.03 secs
 
--> 
Reading design: uart_tx.prj

TABLE OF CONTENTS
  1) Synthesis Options Summary
  2) HDL Parsing
  3) HDL Elaboration
  4) HDL Synthesis
       4.1) HDL Synthesis Report
  5) Advanced HDL Synthesis
       5.1) Advanced HDL Synthesis Report
  6) Low Level Synthesis
  7) Partition Report
  8) Design Summary
       8.1) Primitive and Black Box Usage
       8.2) Device utilization summary
       8.3) Partition Resource Summary
       8.4) Timing Report
            8.4.1) Clock Information
            8.4.2) Asynchronous Control Signals Information
            8.4.3) Timing Summary
            8.4.4) Timing Details
            8.4.5) Cross Clock Domains Report


=========================================================================
*                      Synthesis Options Summary                        *
=========================================================================
---- Source Parameters
Input File Name                    : "uart_tx.prj"
Ignore Synthesis Constraint File   : NO

---- Target Parameters
Output File Name                   : "uart_tx"
Output Format                      : NGC
Target Device                      : xc7a100t-3-csg324

---- Source Options
Top Module Name                    : uart_tx
Automatic FSM Extraction           : YES
FSM Encoding Algorithm             : Auto
Safe Implementation                : No
FSM Style                          : LUT
RAM Extraction                     : Yes
RAM Style                          : Auto
ROM Extraction                     : Yes
Shift Register Extraction          : YES
ROM Style                          : Auto
Resource Sharing                   : YES
Asynchronous To Synchronous        : NO
Shift Register Minimum Size        : 2
Use DSP Block                      : Auto
Automatic Register Balancing       : No

---- Target Options
LUT Combining                      : Auto
Reduce Control Sets                : Auto
Add IO Buffers                     : YES
Global Maximum Fanout              : 100000
Add Generic Clock Buffer(BUFG)     : 32
Register Duplication               : YES
Optimize Instantiated Primitives   : NO
Use Clock Enable                   : Auto
Use Synchronous Set                : Auto
Use Synchronous Reset              : Auto
Pack IO Registers into IOBs        : Auto
Equivalent register Removal        : YES

---- General Options
Optimization Goal                  : Speed
Optimization Effort                : 1
Power Reduction                    : NO
Keep Hierarchy                     : No
Netlist Hierarchy                  : As_Optimized
RTL Output                         : Yes
Global Optimization                : AllClockNets
Read Cores                         : YES
Write Timing Constraints           : NO
Cross Clock Analysis               : NO
Hierarchy Separator                : /
Bus Delimiter                      : <>
Case Specifier                     : Maintain
Slice Utilization Ratio            : 100
BRAM Utilization Ratio             : 100
DSP48 Utilization Ratio            : 100
Auto BRAM Packing                  : NO
Slice Utilization Ratio Delta      : 5

=========================================================================


=========================================================================
*                          HDL Parsing                                  *
=========================================================================
Parsing VHDL file "/home/eryk/Pulpit/UART/uart_tx.vhd" into library work
Parsing entity <uart_tx>.
Parsing architecture <Behavioral> of entity <uart_tx>.

=========================================================================
*                            HDL Elaboration                            *
=========================================================================

Elaborating entity <uart_tx> (architecture <Behavioral>) with generics from library <work>.

=========================================================================
*                           HDL Synthesis                               *
=========================================================================

Synthesizing Unit <uart_tx>.
    Related source file is "/home/eryk/Pulpit/UART/uart_tx.vhd".
        Clk_Frequenty = 10000000
        Width_Data = 8
        Baud = 19200
WARNING:Xst:647 - Input <TX_Go> is never used. This port will be preserved and left unconnected if it belongs to a top-level block or it belongs to a sub-block and the hierarchy of this sub-block is preserved.
    Found 10-bit register for signal <freq_count>.
    Found 1-bit register for signal <Tx>.
    Found 4-bit register for signal <count>.
    Found 10-bit adder for signal <freq_count[9]_GND_4_o_add_1_OUT> created at line 74.
    Found 4-bit adder for signal <count[3]_GND_4_o_add_9_OUT> created at line 88.
    Found 3-bit subtractor for signal <GND_4_o_GND_4_o_sub_6_OUT<2:0>> created at line 80.
    Found 1-bit 8-to-1 multiplexer for signal <GND_4_o_TX_Data_In[7]_Mux_6_o> created at line 80.
    Found 10-bit comparator greater for signal <freq_count[9]_PWR_4_o_LessThan_1_o> created at line 73
    Found 4-bit comparator greater for signal <count[3]_PWR_4_o_LessThan_5_o> created at line 79
    Summary:
	inferred   3 Adder/Subtractor(s).
	inferred  15 D-type flip-flop(s).
	inferred   2 Comparator(s).
	inferred   5 Multiplexer(s).
Unit <uart_tx> synthesized.

=========================================================================
HDL Synthesis Report

Macro Statistics
# Adders/Subtractors                                   : 3
 10-bit adder                                          : 1
 3-bit subtractor                                      : 1
 4-bit adder                                           : 1
# Registers                                            : 3
 1-bit register                                        : 1
 10-bit register                                       : 1
 4-bit register                                        : 1
# Comparators                                          : 2
 10-bit comparator greater                             : 1
 4-bit comparator greater                              : 1
# Multiplexers                                         : 5
 1-bit 2-to-1 multiplexer                              : 4
 1-bit 8-to-1 multiplexer                              : 1

=========================================================================

=========================================================================
*                       Advanced HDL Synthesis                          *
=========================================================================


Synthesizing (advanced) Unit <uart_tx>.
The following registers are absorbed into counter <count>: 1 register on signal <count>.
The following registers are absorbed into counter <freq_count>: 1 register on signal <freq_count>.
Unit <uart_tx> synthesized (advanced).

=========================================================================
Advanced HDL Synthesis Report

Macro Statistics
# Adders/Subtractors                                   : 1
 3-bit subtractor                                      : 1
# Counters                                             : 2
 10-bit up counter                                     : 1
 4-bit up counter                                      : 1
# Registers                                            : 1
 Flip-Flops                                            : 1
# Comparators                                          : 2
 10-bit comparator greater                             : 1
 4-bit comparator greater                              : 1
# Multiplexers                                         : 5
 1-bit 2-to-1 multiplexer                              : 4
 1-bit 8-to-1 multiplexer                              : 1

=========================================================================

=========================================================================
*                         Low Level Synthesis                           *
=========================================================================

Optimizing unit <uart_tx> ...

Mapping all equations...
Building and optimizing final netlist ...
Found area constraint ratio of 100 (+ 5) on block uart_tx, actual ratio is 0.

Final Macro Processing ...

=========================================================================
Final Register Report

Macro Statistics
# Registers                                            : 15
 Flip-Flops                                            : 15

=========================================================================

=========================================================================
*                           Partition Report                            *
=========================================================================

Partition Implementation Status
-------------------------------

  No Partitions were found in this design.

-------------------------------

=========================================================================
*                            Design Summary                             *
=========================================================================

Top Level Output File Name         : uart_tx.ngc

Primitive and Black Box Usage:
------------------------------
# BELS                             : 58
#      GND                         : 1
#      INV                         : 1
#      LUT1                        : 9
#      LUT2                        : 1
#      LUT3                        : 1
#      LUT4                        : 3
#      LUT5                        : 11
#      LUT6                        : 11
#      MUXCY                       : 9
#      VCC                         : 1
#      XORCY                       : 10
# FlipFlops/Latches                : 15
#      FD                          : 14
#      FDSE                        : 1
# Clock Buffers                    : 1
#      BUFGP                       : 1
# IO Buffers                       : 11
#      IBUF                        : 9
#      OBUF                        : 2

Device utilization summary:
---------------------------

Selected Device : 7a100tcsg324-3 


Slice Logic Utilization: 
 Number of Slice Registers:              15  out of  126800     0%  
 Number of Slice LUTs:                   37  out of  63400     0%  
    Number used as Logic:                37  out of  63400     0%  

Slice Logic Distribution: 
 Number of LUT Flip Flop pairs used:     37
   Number with an unused Flip Flop:      22  out of     37    59%  
   Number with an unused LUT:             0  out of     37     0%  
   Number of fully used LUT-FF pairs:    15  out of     37    40%  
   Number of unique control sets:         2

IO Utilization: 
 Number of IOs:                          13
 Number of bonded IOBs:                  12  out of    210     5%  

Specific Feature Utilization:
 Number of BUFG/BUFGCTRLs:                1  out of     32     3%  

---------------------------
Partition Resource Summary:
---------------------------

  No Partitions were found in this design.

---------------------------


=========================================================================
Timing Report

NOTE: THESE TIMING NUMBERS ARE ONLY A SYNTHESIS ESTIMATE.
      FOR ACCURATE TIMING INFORMATION PLEASE REFER TO THE TRACE REPORT
      GENERATED AFTER PLACE-and-ROUTE.

Clock Information:
------------------
-----------------------------------+------------------------+-------+
Clock Signal                       | Clock buffer(FF name)  | Load  |
-----------------------------------+------------------------+-------+
Clk                                | BUFGP                  | 15    |
-----------------------------------+------------------------+-------+

Asynchronous Control Signals Information:
----------------------------------------
No asynchronous control signals found in this design

Timing Summary:
---------------
Speed Grade: -3

   Minimum period: 2.149ns (Maximum Frequency: 465.376MHz)
   Minimum input arrival time before clock: 1.750ns
   Maximum output required time after clock: 0.640ns
   Maximum combinational path delay: No path found

Timing Details:
---------------
All values displayed in nanoseconds (ns)

=========================================================================
Timing constraint: Default period analysis for Clock 'Clk'
  Clock period: 2.149ns (frequency: 465.376MHz)
  Total number of paths / destination ports: 341 / 16
-------------------------------------------------------------------------
Delay:               2.149ns (Levels of Logic = 12)
  Source:            freq_count_0 (FF)
  Destination:       freq_count_9 (FF)
  Source Clock:      Clk rising
  Destination Clock: Clk rising

  Data Path: freq_count_0 to freq_count_9
                                Gate     Net
    Cell:in->out      fanout   Delay   Delay  Logical Name (Net Name)
    ----------------------------------------  ------------
     FD:C->Q               2   0.361   0.283  freq_count_0 (freq_count_0)
     INV:I->O              1   0.113   0.000  Mcount_freq_count_lut<0>_INV_0 (Mcount_freq_count_lut<0>)
     MUXCY:S->O            1   0.353   0.000  Mcount_freq_count_cy<0> (Mcount_freq_count_cy<0>)
     MUXCY:CI->O           1   0.023   0.000  Mcount_freq_count_cy<1> (Mcount_freq_count_cy<1>)
     MUXCY:CI->O           1   0.023   0.000  Mcount_freq_count_cy<2> (Mcount_freq_count_cy<2>)
     MUXCY:CI->O           1   0.023   0.000  Mcount_freq_count_cy<3> (Mcount_freq_count_cy<3>)
     MUXCY:CI->O           1   0.023   0.000  Mcount_freq_count_cy<4> (Mcount_freq_count_cy<4>)
     MUXCY:CI->O           1   0.023   0.000  Mcount_freq_count_cy<5> (Mcount_freq_count_cy<5>)
     MUXCY:CI->O           1   0.023   0.000  Mcount_freq_count_cy<6> (Mcount_freq_count_cy<6>)
     MUXCY:CI->O           1   0.023   0.000  Mcount_freq_count_cy<7> (Mcount_freq_count_cy<7>)
     MUXCY:CI->O           0   0.023   0.000  Mcount_freq_count_cy<8> (Mcount_freq_count_cy<8>)
     XORCY:CI->O           1   0.370   0.379  Mcount_freq_count_xor<9> (Result<9>)
     LUT5:I3->O            1   0.097   0.000  freq_count_9_rstpot (freq_count_9_rstpot)
     FD:D                      0.008          freq_count_9
    ----------------------------------------
    Total                      2.149ns (1.486ns logic, 0.663ns route)
                                       (69.2% logic, 30.8% route)

=========================================================================
Timing constraint: Default OFFSET IN BEFORE for Clock 'Clk'
  Total number of paths / destination ports: 38 / 16
-------------------------------------------------------------------------
Offset:              1.750ns (Levels of Logic = 4)
  Source:            Reset (PAD)
  Destination:       count_0 (FF)
  Destination Clock: Clk rising

  Data Path: Reset to count_0
                                Gate     Net
    Cell:in->out      fanout   Delay   Delay  Logical Name (Net Name)
    ----------------------------------------  ------------
     IBUF:I->O            18   0.001   0.762  Reset_IBUF (Reset_IBUF)
     LUT5:I0->O            1   0.097   0.379  freq_count[9]_PWR_4_o_LessThan_1_o1_SW2 (N7)
     LUT6:I4->O            4   0.097   0.309  _n00591 (_n0059)
     LUT4:I3->O            1   0.097   0.000  count_0_rstpot (count_0_rstpot)
     FD:D                      0.008          count_0
    ----------------------------------------
    Total                      1.750ns (0.300ns logic, 1.450ns route)
                                       (17.1% logic, 82.9% route)

=========================================================================
Timing constraint: Default OFFSET OUT AFTER for Clock 'Clk'
  Total number of paths / destination ports: 1 / 1
-------------------------------------------------------------------------
Offset:              0.640ns (Levels of Logic = 1)
  Source:            Tx (FF)
  Destination:       Tx (PAD)
  Source Clock:      Clk rising

  Data Path: Tx to Tx
                                Gate     Net
    Cell:in->out      fanout   Delay   Delay  Logical Name (Net Name)
    ----------------------------------------  ------------
     FDSE:C->Q             1   0.361   0.279  Tx (Tx_OBUF)
     OBUF:I->O                 0.000          Tx_OBUF (Tx)
    ----------------------------------------
    Total                      0.640ns (0.361ns logic, 0.279ns route)
                                       (56.4% logic, 43.6% route)

=========================================================================

Cross Clock Domains Report:
--------------------------

Clock to Setup on destination clock Clk
---------------+---------+---------+---------+---------+
               | Src:Rise| Src:Fall| Src:Rise| Src:Fall|
Source Clock   |Dest:Rise|Dest:Rise|Dest:Fall|Dest:Fall|
---------------+---------+---------+---------+---------+
Clk            |    2.149|         |         |         |
---------------+---------+---------+---------+---------+

=========================================================================


Total REAL time to Xst completion: 6.00 secs
Total CPU time to Xst completion: 6.60 secs
 
--> 


Total memory usage is 516432 kilobytes

Number of errors   :    0 (   0 filtered)
Number of warnings :    1 (   0 filtered)
Number of infos    :    0 (   0 filtered)

